{"C:\\Users\\Dharshini\\OneDrive\\Documents\\Dharshini\\FILES\\ZOHO\\WORK\\JS_testcase\\src\\func3.js": {"path":"C:\\Users\\Dharshini\\OneDrive\\Documents\\Dharshini\\FILES\\ZOHO\\WORK\\JS_testcase\\src\\func3.js","statementMap":{"0":{"start":{"line":2,"column":4},"end":{"line":2,"column":50}},"1":{"start":{"line":2,"column":36},"end":{"line":2,"column":45}},"2":{"start":{"line":5,"column":2},"end":{"line":5,"column":32}}},"fnMap":{"0":{"name":"sumArray","decl":{"start":{"line":1,"column":9},"end":{"line":1,"column":17}},"loc":{"start":{"line":1,"column":23},"end":{"line":3,"column":3}},"line":1},"1":{"name":"(anonymous_1)","decl":{"start":{"line":2,"column":22},"end":{"line":2,"column":23}},"loc":{"start":{"line":2,"column":36},"end":{"line":2,"column":45}},"line":2}},"branchMap":{},"s":{"0":3,"1":8,"2":1},"f":{"0":3,"1":8},"b":{},"_coverageSchema":"1a1c01bbd47fc00a2c39e90264f33305004495a9","hash":"ec093a348b4a0252c6408bf4c5d5f61f089dc6c7"}
}
